<?xml version="1.0" encoding="UTF-8"?>
<!-- Generated by org.testng.reporters.JUnitXMLReporter -->
<testsuite ignored="0" hostname="MAA125CD0141R61" failures="0" tests="6" name="Default test" time="9.181" errors="0" timestamp="2022-02-18T20:35:21 IST">
  <testcase classname="reale.Example" name="element" time="0.139"/>
  <testcase classname="reale.Example" name="element" time="0.022"/>
  <testcase classname="reale.Example" name="element" time="0.02"/>
  <testcase classname="reale.Example" name="element" time="0.021"/>
  <testcase classname="reale.Example" name="element" time="0.021"/>
  <testcase classname="reale.Example" name="element1" time="0.046"/>
</testsuite> <!-- Default test -->
