<?xml version="1.0" encoding="UTF-8"?>
<!-- Generated by org.testng.reporters.JUnitXMLReporter -->
<testsuite ignored="2" hostname="MAA125CD0141R61" failures="0" tests="4" name="take" time="3.627" errors="0" timestamp="2022-01-07T18:57:10 IST">
  <testcase classname="testnginselenium.Createtestngfile" name="radio" time="0.263"/>
  <testcase classname="testnginselenium.Createtestngfile" name="text" time="0.06"/>
  <testcase classname="testnginselenium.Createtestngfile" name="check" time="0.025"/>
  <testcase classname="testnginselenium.Assertion" name="launch" time="3.238"/>
  <testcase classname="testnginselenium.Assertion" name="getsize" time="0.0">
    <ignored/>
  </testcase> <!-- getsize -->
  <testcase classname="testnginselenium.Createtestngfile" name="box" time="0.0">
    <ignored/>
  </testcase> <!-- box -->
</testsuite> <!-- take -->
