<?xml version="1.0" encoding="UTF-8"?>
<testng-results ignored="0" total="6" passed="6" failed="0" skipped="0">
  <reporter-output>
  </reporter-output>
  <suite started-at="2022-02-18T20:35:12 IST" name="Default suite" finished-at="2022-02-18T20:35:21 IST" duration-ms="9181">
    <groups>
    </groups>
    <test started-at="2022-02-18T20:35:12 IST" name="Default test" finished-at="2022-02-18T20:35:21 IST" duration-ms="9181">
      <class name="reale.Example">
        <test-method is-config="true" signature="launch()[pri:0, instance:reale.Example@7ec7ffd3]" started-at="2022-02-18T20:35:12 IST" name="launch" finished-at="2022-02-18T20:35:21 IST" duration-ms="8851" status="PASS">
          <reporter-output>
          </reporter-output>
        </test-method> <!-- launch -->
        <test-method signature="element()[pri:0, instance:reale.Example@7ec7ffd3]" started-at="2022-02-18T20:35:21 IST" name="element" finished-at="2022-02-18T20:35:21 IST" duration-ms="139" status="PASS">
          <reporter-output>
          </reporter-output>
        </test-method> <!-- element -->
        <test-method signature="element()[pri:0, instance:reale.Example@7ec7ffd3]" started-at="2022-02-18T20:35:21 IST" name="element" finished-at="2022-02-18T20:35:21 IST" duration-ms="22" status="PASS">
          <reporter-output>
          </reporter-output>
        </test-method> <!-- element -->
        <test-method signature="element()[pri:0, instance:reale.Example@7ec7ffd3]" started-at="2022-02-18T20:35:21 IST" name="element" finished-at="2022-02-18T20:35:21 IST" duration-ms="20" status="PASS">
          <reporter-output>
          </reporter-output>
        </test-method> <!-- element -->
        <test-method signature="element()[pri:0, instance:reale.Example@7ec7ffd3]" started-at="2022-02-18T20:35:21 IST" name="element" finished-at="2022-02-18T20:35:21 IST" duration-ms="21" status="PASS">
          <reporter-output>
          </reporter-output>
        </test-method> <!-- element -->
        <test-method signature="element()[pri:0, instance:reale.Example@7ec7ffd3]" started-at="2022-02-18T20:35:21 IST" name="element" finished-at="2022-02-18T20:35:21 IST" duration-ms="21" status="PASS">
          <reporter-output>
          </reporter-output>
        </test-method> <!-- element -->
        <test-method signature="element1()[pri:0, instance:reale.Example@7ec7ffd3]" started-at="2022-02-18T20:35:21 IST" name="element1" finished-at="2022-02-18T20:35:21 IST" duration-ms="46" status="PASS">
          <reporter-output>
          </reporter-output>
        </test-method> <!-- element1 -->
      </class> <!-- reale.Example -->
    </test> <!-- Default test -->
  </suite> <!-- Default suite -->
</testng-results>
